2026-06-29 18:49:55,714 | INFO | root | Runtime log started.
2026-06-29 18:49:55,714 | INFO | root | Runtime log path: C:\Users\ATLAS\AppData\Local\EngineerTools\logs\runtime.log
2026-06-29 18:49:55,714 | INFO | root | Engineer Tools startup requested.
2026-06-29 18:49:55,715 | INFO | root | Python executable: C:\Users\ATLAS\AppData\Local\EngineerTools\.venv\Scripts\pythonw.exe
2026-06-29 18:49:55,715 | INFO | root | Python argv: ['C:\\Users\\ATLAS\\AppData\\Local\\EngineerTools\\src\\engineers_tools\\main.py']
2026-06-29 18:49:56,309 | INFO | root | interaction_ui_patch: shared icon and control patches installed
2026-06-29 18:49:56,355 | INFO | root | interaction_ui_patch: engineering workspace patches installed
2026-06-29 18:49:56,356 | INFO | root | engineering_export_patch: installed
2026-06-29 18:49:56,356 | INFO | root | engineering_workspace_finalize_patch: installed
2026-06-29 18:49:56,356 | INFO | root | engineering_zoom_print_patch: installed
2026-06-29 18:49:56,356 | INFO | root | engineering_print_setup_hotfix: installed version=direct-print-4
2026-06-29 18:49:57,230 | INFO | root | Launcher shown.
2026-06-29 18:51:16,441 | INFO | root | engineering_print_setup_hotfix: pdf output canceled printer=Microsoft Print to PDF
2026-06-29 18:51:39,237 | INFO | root | engineering_print_setup_hotfix: direct print version=direct-print-4 printer=EPSON L3250 Series copies=1 pages=1-1 all=True grid=False pdf= valid=True
2026-06-29 18:51:39,505 | ERROR | root | engineering_print_setup_hotfix: print failed: 'PySide6.QtWidgets.QWidget.render' called with wrong argument types:
  PySide6.QtWidgets.QWidget.render(QPainter)
Supported signatures:
  PySide6.QtWidgets.QWidget.render(target: PySide6.QtGui.QPaintDevice, /, targetOffset: PySide6.QtCore.QPoint = Default(QPoint), sourceRegion: PySide6.QtGui.QRegion | PySide6.QtGui.QBitmap | PySide6.QtGui.QPolygon | PySide6.QtCore.QRect = Default(QRegion), renderFlags: PySide6.QtWidgets.QWidget.RenderFlag = Instance(QWidget.RenderFlags(QWidget.RenderFlag.DrawWindowBackground | QWidget.RenderFlag.DrawChildren)))
  PySide6.QtWidgets.QWidget.render(painter: PySide6.QtGui.QPainter, targetOffset: PySide6.QtCore.QPoint, /, sourceRegion: PySide6.QtGui.QRegion | PySide6.QtGui.QBitmap | PySide6.QtGui.QPolygon | PySide6.QtCore.QRect = Default(QRegion), renderFlags: PySide6.QtWidgets.QWidget.RenderFlag = Instance(QWidget.RenderFlags(QWidget.RenderFlag.DrawWindowBackground | QWidget.RenderFlag.DrawChildren)))
Traceback (most recent call last):
  File "C:\Users\ATLAS\AppData\Local\EngineerTools\src\engineers_tools\app\engineering_print_setup_hotfix.py", line 231, in _send_print_job
    _render_engineering_export(workspace, painter, target, False)
  File "C:\Users\ATLAS\AppData\Local\EngineerTools\src\engineers_tools\app\engineering_print_setup_hotfix.py", line 95, in _fallback_render_engineering_export
    canvas.render(painter)
TypeError: 'PySide6.QtWidgets.QWidget.render' called with wrong argument types:
  PySide6.QtWidgets.QWidget.render(QPainter)
Supported signatures:
  PySide6.QtWidgets.QWidget.render(target: PySide6.QtGui.QPaintDevice, /, targetOffset: PySide6.QtCore.QPoint = Default(QPoint), sourceRegion: PySide6.QtGui.QRegion | PySide6.QtGui.QBitmap | PySide6.QtGui.QPolygon | PySide6.QtCore.QRect = Default(QRegion), renderFlags: PySide6.QtWidgets.QWidget.RenderFlag = Instance(QWidget.RenderFlags(QWidget.RenderFlag.DrawWindowBackground | QWidget.RenderFlag.DrawChildren)))
  PySide6.QtWidgets.QWidget.render(painter: PySide6.QtGui.QPainter, targetOffset: PySide6.QtCore.QPoint, /, sourceRegion: PySide6.QtGui.QRegion | PySide6.QtGui.QBitmap | PySide6.QtGui.QPolygon | PySide6.QtCore.QRect = Default(QRegion), renderFlags: PySide6.QtWidgets.QWidget.RenderFlag = Instance(QWidget.RenderFlags(QWidget.RenderFlag.DrawWindowBackground | QWidget.RenderFlag.DrawChildren)))
